<?xml version="1.0" encoding="UTF-8"?>
<testsuite name="consult geoNames" tests="7" skipped="0" failures="0" errors="0" timestamp="2022-03-19T21:04:38" hostname="Apples-Mac-Johan.local" time="200.886">
  <properties/>
  <testcase name="test different consults #1" classname="consult geoNames" time="37.298"/>
  <testcase name="test different consults #2" classname="consult geoNames" time="22.086"/>
  <testcase name="test different consults #3" classname="consult geoNames" time="27.06"/>
  <testcase name="test different consults #4" classname="consult geoNames" time="26.266"/>
  <testcase name="test different consults #5" classname="consult geoNames" time="28.388"/>
  <testcase name="test different consults #6" classname="consult geoNames" time="36.198"/>
  <testcase name="test different consults #7" classname="consult geoNames" time="23.588"/>
  <system-out><![CDATA[]]></system-out>
  <system-err><![CDATA[[Test worker] INFO io.cucumber.core.plugin.SerenityReporter - Running feature from file:///Users/johannuser/Documents/proyect/PersonalProyects/Android/android-project/cosumeapi-test/src/test/resources/features/consult.feature
[Test worker] INFO  - 
  _____   ___   ___   _____     ___   _____     _     ___   _____   ___   ___  
 |_   _| | __| / __| |_   _|   / __| |_   _|   /_\   | _ \ |_   _| | __| |   \ 
   | |   | _|  \__ \   | |     \__ \   | |    / _ \  |   /   | |   | _|  | |) |
   |_|   |___| |___/   |_|     |___/   |_|   /_/ \_\ |_|_\   |_|   |___| |___/ 

test different consults(consult-geonames;test-different-consults)
--------------------------------------------------------------------------------
[Test worker] INFO  - 
  _____   ___   ___   _____     ___     _     ___   ___   ___   ___  
 |_   _| | __| / __| |_   _|   | _ \   /_\   / __| / __| | __| |   \ 
   | |   | _|  \__ \   | |     |  _/  / _ \  \__ \ \__ \ | _|  | |) |
   |_|   |___| |___/   |_|     |_|   /_/ \_\ |___/ |___/ |___| |___/ 

test different consults
----------------------------------------------------------------------
[Test worker] INFO io.cucumber.core.plugin.SerenityReporter - Running feature from file:///Users/johannuser/Documents/proyect/PersonalProyects/Android/android-project/cosumeapi-test/src/test/resources/features/consult.feature
[Test worker] INFO  - 
  _____   ___   ___   _____     ___     _     ___   ___   ___   ___  
 |_   _| | __| / __| |_   _|   | _ \   /_\   / __| / __| | __| |   \ 
   | |   | _|  \__ \   | |     |  _/  / _ \  \__ \ \__ \ | _|  | |) |
   |_|   |___| |___/   |_|     |_|   /_/ \_\ |___/ |___/ |___| |___/ 

test different consults
----------------------------------------------------------------------
[Test worker] INFO io.cucumber.core.plugin.SerenityReporter - Running feature from file:///Users/johannuser/Documents/proyect/PersonalProyects/Android/android-project/cosumeapi-test/src/test/resources/features/consult.feature
[Test worker] INFO io.cucumber.core.plugin.SerenityReporter - Running feature from file:///Users/johannuser/Documents/proyect/PersonalProyects/Android/android-project/cosumeapi-test/src/test/resources/features/consult.feature
[Test worker] INFO io.cucumber.core.plugin.SerenityReporter - Running feature from file:///Users/johannuser/Documents/proyect/PersonalProyects/Android/android-project/cosumeapi-test/src/test/resources/features/consult.feature
[Test worker] INFO io.cucumber.core.plugin.SerenityReporter - Running feature from file:///Users/johannuser/Documents/proyect/PersonalProyects/Android/android-project/cosumeapi-test/src/test/resources/features/consult.feature
[Test worker] INFO io.cucumber.core.plugin.SerenityReporter - Running feature from file:///Users/johannuser/Documents/proyect/PersonalProyects/Android/android-project/cosumeapi-test/src/test/resources/features/consult.feature
]]></system-err>
</testsuite>
