<?xml version="1.0" encoding="UTF-8"?>
<testsuite name="consult geoNames" tests="9" skipped="0" failures="0" errors="0" timestamp="2022-03-20T05:07:16" hostname="Apples-Mac-Johan.local" time="138.899">
  <properties/>
  <testcase name="test different consults #1" classname="consult geoNames" time="32.35"/>
  <testcase name="test different consults #2" classname="consult geoNames" time="13.69"/>
  <testcase name="test different consults #3" classname="consult geoNames" time="13.812"/>
  <testcase name="test different consults #4" classname="consult geoNames" time="11.955"/>
  <testcase name="test different consults #5" classname="consult geoNames" time="12.127"/>
  <testcase name="test different consults #6" classname="consult geoNames" time="13.623"/>
  <testcase name="test different consults #7" classname="consult geoNames" time="14.179"/>
  <testcase name="test different consults #8" classname="consult geoNames" time="14.561"/>
  <testcase name="test different consults #9" classname="consult geoNames" time="12.602"/>
  <system-out><![CDATA[]]></system-out>
  <system-err><![CDATA[[Test worker] INFO io.cucumber.core.plugin.SerenityReporter - Running feature from file:///Users/johannuser/Documents/proyect/PersonalProyects/Android/cosumeapi-test/src/test/resources/features/consult.feature
[Test worker] INFO  - 
  _____   ___   ___   _____     ___   _____     _     ___   _____   ___   ___  
 |_   _| | __| / __| |_   _|   / __| |_   _|   /_\   | _ \ |_   _| | __| |   \ 
   | |   | _|  \__ \   | |     \__ \   | |    / _ \  |   /   | |   | _|  | |) |
   |_|   |___| |___/   |_|     |___/   |_|   /_/ \_\ |_|_\   |_|   |___| |___/ 

test different consults(consult-geonames;test-different-consults)
--------------------------------------------------------------------------------
[Test worker] INFO  - 
  _____   ___   ___   _____     ___     _     ___   ___   ___   ___  
 |_   _| | __| / __| |_   _|   | _ \   /_\   / __| / __| | __| |   \ 
   | |   | _|  \__ \   | |     |  _/  / _ \  \__ \ \__ \ | _|  | |) |
   |_|   |___| |___/   |_|     |_|   /_/ \_\ |___/ |___/ |___| |___/ 

test different consults
----------------------------------------------------------------------
[Test worker] INFO io.cucumber.core.plugin.SerenityReporter - Running feature from file:///Users/johannuser/Documents/proyect/PersonalProyects/Android/cosumeapi-test/src/test/resources/features/consult.feature
[Test worker] INFO  - 
  _____   ___   ___   _____     ___     _     ___   ___   ___   ___  
 |_   _| | __| / __| |_   _|   | _ \   /_\   / __| / __| | __| |   \ 
   | |   | _|  \__ \   | |     |  _/  / _ \  \__ \ \__ \ | _|  | |) |
   |_|   |___| |___/   |_|     |_|   /_/ \_\ |___/ |___/ |___| |___/ 

test different consults
----------------------------------------------------------------------
[Test worker] INFO io.cucumber.core.plugin.SerenityReporter - Running feature from file:///Users/johannuser/Documents/proyect/PersonalProyects/Android/cosumeapi-test/src/test/resources/features/consult.feature
[Test worker] INFO io.cucumber.core.plugin.SerenityReporter - Running feature from file:///Users/johannuser/Documents/proyect/PersonalProyects/Android/cosumeapi-test/src/test/resources/features/consult.feature
[Test worker] INFO io.cucumber.core.plugin.SerenityReporter - Running feature from file:///Users/johannuser/Documents/proyect/PersonalProyects/Android/cosumeapi-test/src/test/resources/features/consult.feature
[Test worker] INFO io.cucumber.core.plugin.SerenityReporter - Running feature from file:///Users/johannuser/Documents/proyect/PersonalProyects/Android/cosumeapi-test/src/test/resources/features/consult.feature
[Test worker] INFO io.cucumber.core.plugin.SerenityReporter - Running feature from file:///Users/johannuser/Documents/proyect/PersonalProyects/Android/cosumeapi-test/src/test/resources/features/consult.feature
[Test worker] INFO io.cucumber.core.plugin.SerenityReporter - Running feature from file:///Users/johannuser/Documents/proyect/PersonalProyects/Android/cosumeapi-test/src/test/resources/features/consult.feature
[Test worker] INFO io.cucumber.core.plugin.SerenityReporter - Running feature from file:///Users/johannuser/Documents/proyect/PersonalProyects/Android/cosumeapi-test/src/test/resources/features/consult.feature
]]></system-err>
</testsuite>
